Determining if the pthread_create exist failed with the following output:
Change Dir: /home/ubuntu/40_Git/ruediger/raspi_ruediger/build/CMakeFiles/CMakeTmp

Run Build Command:"/usr/bin/make" "cmTC_a7490/fast"
/usr/bin/make -f CMakeFiles/cmTC_a7490.dir/build.make CMakeFiles/cmTC_a7490.dir/build
make[1]: Entering directory '/home/ubuntu/40_Git/ruediger/raspi_ruediger/build/CMakeFiles/CMakeTmp'
Building C object CMakeFiles/cmTC_a7490.dir/CheckSymbolExists.c.o
/usr/bin/cc     -o CMakeFiles/cmTC_a7490.dir/CheckSymbolExists.c.o   -c /home/ubuntu/40_Git/ruediger/raspi_ruediger/build/CMakeFiles/CMakeTmp/CheckSymbolExists.c
Linking C executable cmTC_a7490
/usr/bin/cmake -E cmake_link_script CMakeFiles/cmTC_a7490.dir/link.txt --verbose=1
/usr/bin/cc       CMakeFiles/cmTC_a7490.dir/CheckSymbolExists.c.o  -o cmTC_a7490 -rdynamic 
CMakeFiles/cmTC_a7490.dir/CheckSymbolExists.c.o: In function `main':
CheckSymbolExists.c:(.text+0xe): undefined reference to `pthread_create'
CheckSymbolExists.c:(.text+0x12): undefined reference to `pthread_create'
collect2: error: ld returned 1 exit status
CMakeFiles/cmTC_a7490.dir/build.make:97: recipe for target 'cmTC_a7490' failed
make[1]: *** [cmTC_a7490] Error 1
make[1]: Leaving directory '/home/ubuntu/40_Git/ruediger/raspi_ruediger/build/CMakeFiles/CMakeTmp'
Makefile:126: recipe for target 'cmTC_a7490/fast' failed
make: *** [cmTC_a7490/fast] Error 2

File /home/ubuntu/40_Git/ruediger/raspi_ruediger/build/CMakeFiles/CMakeTmp/CheckSymbolExists.c:
/* */
#include <pthread.h>

int main(int argc, char** argv)
{
  (void)argv;
#ifndef pthread_create
  return ((int*)(&pthread_create))[argc];
#else
  (void)argc;
  return 0;
#endif
}

Determining if the function pthread_create exists in the pthreads failed with the following output:
Change Dir: /home/ubuntu/40_Git/ruediger/raspi_ruediger/build/CMakeFiles/CMakeTmp

Run Build Command:"/usr/bin/make" "cmTC_af2c0/fast"
/usr/bin/make -f CMakeFiles/cmTC_af2c0.dir/build.make CMakeFiles/cmTC_af2c0.dir/build
make[1]: Entering directory '/home/ubuntu/40_Git/ruediger/raspi_ruediger/build/CMakeFiles/CMakeTmp'
Building C object CMakeFiles/cmTC_af2c0.dir/CheckFunctionExists.c.o
/usr/bin/cc    -DCHECK_FUNCTION_EXISTS=pthread_create   -o CMakeFiles/cmTC_af2c0.dir/CheckFunctionExists.c.o   -c /usr/share/cmake-3.5/Modules/CheckFunctionExists.c
Linking C executable cmTC_af2c0
/usr/bin/cmake -E cmake_link_script CMakeFiles/cmTC_af2c0.dir/link.txt --verbose=1
/usr/bin/cc   -DCHECK_FUNCTION_EXISTS=pthread_create    CMakeFiles/cmTC_af2c0.dir/CheckFunctionExists.c.o  -o cmTC_af2c0 -rdynamic -lpthreads 
/usr/bin/ld: cannot find -lpthreads
collect2: error: ld returned 1 exit status
CMakeFiles/cmTC_af2c0.dir/build.make:97: recipe for target 'cmTC_af2c0' failed
make[1]: *** [cmTC_af2c0] Error 1
make[1]: Leaving directory '/home/ubuntu/40_Git/ruediger/raspi_ruediger/build/CMakeFiles/CMakeTmp'
Makefile:126: recipe for target 'cmTC_af2c0/fast' failed
make: *** [cmTC_af2c0/fast] Error 2


